{"/home/hagai/Documents/web_api/src/config/dataSources.ts": {"path":"/home/hagai/Documents/web_api/src/config/dataSources.ts","statementMap":{"0":{"start":{"line":3,"column":13},"end":{"line":3,"column":81}},"1":{"start":{"line":7,"column":13},"end":{"line":20,"column":2}},"2":{"start":{"line":21,"column":0},"end":{"line":21,"column":null}}},"fnMap":{},"branchMap":{},"s":{"0":1,"1":1,"2":1},"f":{},"b":{}}
,"/home/hagai/Documents/web_api/src/config/dotenv.ts": {"path":"/home/hagai/Documents/web_api/src/config/dotenv.ts","statementMap":{"0":{"start":{"line":1,"column":0},"end":{"line":1,"column":42}},"1":{"start":{"line":2,"column":0},"end":{"line":2,"column":19}},"2":{"start":{"line":3,"column":19},"end":{"line":3,"column":68}},"3":{"start":{"line":6,"column":0},"end":{"line":6,"column":36}},"4":{"start":{"line":7,"column":0},"end":{"line":13,"column":null}},"5":{"start":{"line":8,"column":22},"end":{"line":8,"column":63}},"6":{"start":{"line":9,"column":4},"end":{"line":11,"column":null}},"7":{"start":{"line":10,"column":8},"end":{"line":10,"column":null}}},"fnMap":{},"branchMap":{"0":{"loc":{"start":{"line":3,"column":49},"end":{"line":3,"column":59}},"type":"cond-expr","locations":[{"start":{"line":3,"column":49},"end":{"line":3,"column":59}},{"start":{"line":3,"column":62},"end":{"line":3,"column":68}}]},"1":{"loc":{"start":{"line":7,"column":0},"end":{"line":13,"column":null}},"type":"if","locations":[{"start":{"line":7,"column":0},"end":{"line":13,"column":null}},{"start":{"line":7,"column":0},"end":{"line":13,"column":null}}]}},"s":{"0":1,"1":1,"2":1,"3":1,"4":1,"5":0,"6":0,"7":0},"f":{},"b":{"0":[0,1],"1":[0,1]}}
,"/home/hagai/Documents/web_api/src/config/getDSToken.ts": {"path":"/home/hagai/Documents/web_api/src/config/getDSToken.ts","statementMap":{"0":{"start":{"line":1,"column":0},"end":{"line":1,"column":29}},"1":{"start":{"line":2,"column":0},"end":{"line":2,"column":24}},"2":{"start":{"line":3,"column":0},"end":{"line":3,"column":30}},"3":{"start":{"line":7,"column":22},"end":{"line":21,"column":1}},"4":{"start":{"line":8,"column":4},"end":{"line":19,"column":null}},"5":{"start":{"line":7,"column":13},"end":{"line":7,"column":22}},"6":{"start":{"line":23,"column":0},"end":{"line":23,"column":23}}},"fnMap":{"0":{"name":"(anonymous_1)","decl":{"start":{"line":7,"column":22},"end":{"line":7,"column":23}},"loc":{"start":{"line":7,"column":104},"end":{"line":21,"column":1}}}},"branchMap":{},"s":{"0":1,"1":1,"2":1,"3":1,"4":6,"5":1,"6":1},"f":{"0":6},"b":{}}
,"/home/hagai/Documents/web_api/src/config/index.ts": {"path":"/home/hagai/Documents/web_api/src/config/index.ts","statementMap":{"0":{"start":{"line":4,"column":0},"end":{"line":4,"column":41}},"1":{"start":{"line":5,"column":0},"end":{"line":5,"column":17}},"2":{"start":{"line":7,"column":0},"end":{"line":7,"column":31}},"3":{"start":{"line":9,"column":13},"end":{"line":73,"column":2}},"4":{"start":{"line":75,"column":31},"end":{"line":75,"column":40}},"5":{"start":{"line":76,"column":0},"end":{"line":76,"column":50}},"6":{"start":{"line":77,"column":0},"end":{"line":77,"column":51}},"7":{"start":{"line":78,"column":0},"end":{"line":78,"column":49}},"8":{"start":{"line":79,"column":0},"end":{"line":79,"column":56}},"9":{"start":{"line":80,"column":0},"end":{"line":80,"column":51}},"10":{"start":{"line":81,"column":0},"end":{"line":81,"column":53}},"11":{"start":{"line":83,"column":14},"end":{"line":83,"column":56}},"12":{"start":{"line":84,"column":0},"end":{"line":84,"column":22}}},"fnMap":{},"branchMap":{},"s":{"0":1,"1":1,"2":1,"3":1,"4":1,"5":1,"6":1,"7":1,"8":1,"9":1,"10":1,"11":1,"12":1},"f":{},"b":{}}
,"/home/hagai/Documents/web_api/src/express/error.ts": {"path":"/home/hagai/Documents/web_api/src/express/error.ts","statementMap":{"0":{"start":{"line":2,"column":0},"end":{"line":2,"column":55}},"1":{"start":{"line":8,"column":8},"end":{"line":8,"column":23}},"2":{"start":{"line":9,"column":8},"end":{"line":9,"column":25}},"3":{"start":{"line":4,"column":0},"end":{"line":4,"column":13}},"4":{"start":{"line":13,"column":31},"end":{"line":39,"column":1}},"5":{"start":{"line":14,"column":4},"end":{"line":34,"column":null}},"6":{"start":{"line":15,"column":8},"end":{"line":18,"column":11}},"7":{"start":{"line":19,"column":11},"end":{"line":34,"column":null}},"8":{"start":{"line":20,"column":8},"end":{"line":23,"column":11}},"9":{"start":{"line":24,"column":10},"end":{"line":34,"column":null}},"10":{"start":{"line":25,"column":8},"end":{"line":28,"column":11}},"11":{"start":{"line":30,"column":8},"end":{"line":33,"column":11}},"12":{"start":{"line":38,"column":4},"end":{"line":38,"column":11}},"13":{"start":{"line":13,"column":13},"end":{"line":13,"column":31}}},"fnMap":{"0":{"name":"(anonymous_0)","decl":{"start":{"line":7,"column":4},"end":{"line":7,"column":16}},"loc":{"start":{"line":7,"column":45},"end":{"line":10,"column":5}}},"1":{"name":"(anonymous_1)","decl":{"start":{"line":13,"column":31},"end":{"line":13,"column":32}},"loc":{"start":{"line":13,"column":122},"end":{"line":39,"column":1}}}},"branchMap":{"0":{"loc":{"start":{"line":14,"column":4},"end":{"line":34,"column":null}},"type":"if","locations":[{"start":{"line":14,"column":4},"end":{"line":34,"column":null}},{"start":{"line":14,"column":4},"end":{"line":34,"column":null}}]},"1":{"loc":{"start":{"line":19,"column":11},"end":{"line":34,"column":null}},"type":"if","locations":[{"start":{"line":19,"column":11},"end":{"line":34,"column":null}},{"start":{"line":19,"column":11},"end":{"line":34,"column":null}}]},"2":{"loc":{"start":{"line":24,"column":10},"end":{"line":34,"column":null}},"type":"if","locations":[{"start":{"line":24,"column":10},"end":{"line":34,"column":null}},{"start":{"line":24,"column":10},"end":{"line":34,"column":null}}]}},"s":{"0":1,"1":0,"2":0,"3":1,"4":1,"5":3,"6":2,"7":1,"8":0,"9":1,"10":1,"11":0,"12":3,"13":1},"f":{"0":0,"1":3},"b":{"0":[2,1],"1":[0,1],"2":[1,0]}}
,"/home/hagai/Documents/web_api/src/express/router.ts": {"path":"/home/hagai/Documents/web_api/src/express/router.ts","statementMap":{"0":{"start":{"line":1,"column":0},"end":{"line":1,"column":33}},"1":{"start":{"line":2,"column":0},"end":{"line":2,"column":53}},"2":{"start":{"line":4,"column":18},"end":{"line":4,"column":26}},"3":{"start":{"line":6,"column":0},"end":{"line":6,"column":41}},"4":{"start":{"line":8,"column":0},"end":{"line":10,"column":3}},"5":{"start":{"line":9,"column":4},"end":{"line":9,"column":34}},"6":{"start":{"line":12,"column":0},"end":{"line":14,"column":3}},"7":{"start":{"line":13,"column":4},"end":{"line":13,"column":42}},"8":{"start":{"line":16,"column":0},"end":{"line":16,"column":25}}},"fnMap":{"0":{"name":"(anonymous_1)","decl":{"start":{"line":8,"column":26},"end":{"line":8,"column":27}},"loc":{"start":{"line":8,"column":40},"end":{"line":10,"column":1}}},"1":{"name":"(anonymous_2)","decl":{"start":{"line":12,"column":19},"end":{"line":12,"column":20}},"loc":{"start":{"line":12,"column":33},"end":{"line":14,"column":1}}}},"branchMap":{},"s":{"0":1,"1":1,"2":1,"3":1,"4":1,"5":0,"6":1,"7":0,"8":1},"f":{"0":0,"1":0},"b":{}}
,"/home/hagai/Documents/web_api/src/express/server.ts": {"path":"/home/hagai/Documents/web_api/src/express/server.ts","statementMap":{"0":{"start":{"line":2,"column":0},"end":{"line":2,"column":30}},"1":{"start":{"line":5,"column":0},"end":{"line":5,"column":49}},"2":{"start":{"line":6,"column":0},"end":{"line":6,"column":30}},"3":{"start":{"line":7,"column":0},"end":{"line":7,"column":42}},"4":{"start":{"line":8,"column":0},"end":{"line":8,"column":33}},"5":{"start":{"line":9,"column":0},"end":{"line":9,"column":53}},"6":{"start":{"line":19,"column":8},"end":{"line":19,"column":45}},"7":{"start":{"line":20,"column":8},"end":{"line":20,"column":25}},"8":{"start":{"line":24,"column":20},"end":{"line":24,"column":29}},"9":{"start":{"line":27,"column":8},"end":{"line":27,"column":32}},"10":{"start":{"line":28,"column":8},"end":{"line":28,"column":56}},"11":{"start":{"line":31,"column":8},"end":{"line":31,"column":27}},"12":{"start":{"line":33,"column":8},"end":{"line":33,"column":33}},"13":{"start":{"line":35,"column":8},"end":{"line":35,"column":19}},"14":{"start":{"line":39,"column":8},"end":{"line":39,"column":30}},"15":{"start":{"line":40,"column":8},"end":{"line":40,"column":30}},"16":{"start":{"line":41,"column":8},"end":{"line":41,"column":47}},"17":{"start":{"line":44,"column":8},"end":{"line":44,"column":43}},"18":{"start":{"line":48,"column":0},"end":{"line":48,"column":22}}},"fnMap":{"0":{"name":"(anonymous_1)","decl":{"start":{"line":18,"column":4},"end":{"line":18,"column":16}},"loc":{"start":{"line":18,"column":28},"end":{"line":21,"column":5}}},"1":{"name":"(anonymous_2)","decl":{"start":{"line":23,"column":4},"end":{"line":23,"column":10}},"loc":{"start":{"line":23,"column":27},"end":{"line":36,"column":5}}},"2":{"name":"(anonymous_3)","decl":{"start":{"line":38,"column":4},"end":{"line":38,"column":9}},"loc":{"start":{"line":38,"column":15},"end":{"line":45,"column":5}}}},"branchMap":{},"s":{"0":1,"1":1,"2":1,"3":1,"4":1,"5":1,"6":1,"7":1,"8":1,"9":1,"10":1,"11":1,"12":1,"13":1,"14":1,"15":1,"16":1,"17":1,"18":1},"f":{"0":1,"1":1,"2":1},"b":{}}
,"/home/hagai/Documents/web_api/src/express/information/auth.ts": {"path":"/home/hagai/Documents/web_api/src/express/information/auth.ts","statementMap":{"0":{"start":{"line":1,"column":0},"end":{"line":1,"column":31}},"1":{"start":{"line":2,"column":0},"end":{"line":2,"column":24}},"2":{"start":{"line":3,"column":0},"end":{"line":3,"column":20}},"3":{"start":{"line":4,"column":0},"end":{"line":4,"column":24}},"4":{"start":{"line":5,"column":0},"end":{"line":5,"column":54}},"5":{"start":{"line":6,"column":0},"end":{"line":6,"column":40}},"6":{"start":{"line":9,"column":16},"end":{"line":9,"column":42}},"7":{"start":{"line":11,"column":22},"end":{"line":29,"column":1}},"8":{"start":{"line":13,"column":4},"end":{"line":13,"column":51}},"9":{"start":{"line":13,"column":37},"end":{"line":13,"column":51}},"10":{"start":{"line":16,"column":18},"end":{"line":16,"column":45}},"11":{"start":{"line":17,"column":16},"end":{"line":17,"column":77}},"12":{"start":{"line":19,"column":4},"end":{"line":28,"column":null}},"13":{"start":{"line":20,"column":24},"end":{"line":20,"column":125}},"14":{"start":{"line":20,"column":81},"end":{"line":20,"column":122}},"15":{"start":{"line":21,"column":8},"end":{"line":22,"column":53}},"16":{"start":{"line":22,"column":12},"end":{"line":22,"column":53}},"17":{"start":{"line":24,"column":8},"end":{"line":24,"column":22}},"18":{"start":{"line":27,"column":8},"end":{"line":27,"column":25}},"19":{"start":{"line":11,"column":13},"end":{"line":11,"column":22}},"20":{"start":{"line":32,"column":0},"end":{"line":32,"column":null}}},"fnMap":{"0":{"name":"(anonymous_1)","decl":{"start":{"line":11,"column":22},"end":{"line":11,"column":27}},"loc":{"start":{"line":11,"column":77},"end":{"line":29,"column":1}}},"1":{"name":"(anonymous_2)","decl":{"start":{"line":20,"column":67},"end":{"line":20,"column":68}},"loc":{"start":{"line":20,"column":78},"end":{"line":20,"column":124}}}},"branchMap":{"0":{"loc":{"start":{"line":13,"column":4},"end":{"line":13,"column":51}},"type":"if","locations":[{"start":{"line":13,"column":4},"end":{"line":13,"column":51}},{"start":{"line":13,"column":4},"end":{"line":13,"column":51}}]},"1":{"loc":{"start":{"line":21,"column":8},"end":{"line":22,"column":53}},"type":"if","locations":[{"start":{"line":21,"column":8},"end":{"line":22,"column":53}},{"start":{"line":21,"column":8},"end":{"line":22,"column":53}}]}},"s":{"0":1,"1":1,"2":1,"3":1,"4":1,"5":1,"6":1,"7":1,"8":4,"9":4,"10":0,"11":0,"12":0,"13":0,"14":0,"15":0,"16":0,"17":0,"18":0,"19":1,"20":1},"f":{"0":4,"1":0},"b":{"0":[4,0],"1":[0,0]}}
,"/home/hagai/Documents/web_api/src/express/information/controller.ts": {"path":"/home/hagai/Documents/web_api/src/express/information/controller.ts","statementMap":{"0":{"start":{"line":2,"column":0},"end":{"line":2,"column":40}},"1":{"start":{"line":3,"column":0},"end":{"line":3,"column":54}},"2":{"start":{"line":4,"column":0},"end":{"line":4,"column":43}},"3":{"start":{"line":5,"column":0},"end":{"line":5,"column":68}},"4":{"start":{"line":6,"column":0},"end":{"line":6,"column":66}},"5":{"start":{"line":10,"column":8},"end":{"line":13,"column":null}},"6":{"start":{"line":11,"column":12},"end":{"line":11,"column":27}},"7":{"start":{"line":12,"column":12},"end":{"line":12,"column":19}},"8":{"start":{"line":15,"column":33},"end":{"line":15,"column":64}},"9":{"start":{"line":16,"column":29},"end":{"line":16,"column":55}},"10":{"start":{"line":17,"column":34},"end":{"line":17,"column":70}},"11":{"start":{"line":20,"column":8},"end":{"line":36,"column":null}},"12":{"start":{"line":21,"column":26},"end":{"line":21,"column":28}},"13":{"start":{"line":22,"column":12},"end":{"line":28,"column":null}},"14":{"start":{"line":23,"column":16},"end":{"line":27,"column":null}},"15":{"start":{"line":25,"column":20},"end":{"line":25,"column":31}},"16":{"start":{"line":26,"column":20},"end":{"line":26,"column":26}},"17":{"start":{"line":29,"column":12},"end":{"line":34,"column":null}},"18":{"start":{"line":30,"column":16},"end":{"line":33,"column":null}},"19":{"start":{"line":30,"column":33},"end":{"line":30,"column":34}},"20":{"start":{"line":31,"column":20},"end":{"line":31,"column":null}},"21":{"start":{"line":35,"column":12},"end":{"line":35,"column":24}},"22":{"start":{"line":36,"column":26},"end":{"line":36,"column":36}},"23":{"start":{"line":37,"column":8},"end":{"line":37,"column":null}},"24":{"start":{"line":8,"column":0},"end":{"line":8,"column":13}},"25":{"start":{"line":44,"column":0},"end":{"line":44,"column":37}}},"fnMap":{"0":{"name":"(anonymous_1)","decl":{"start":{"line":9,"column":4},"end":{"line":9,"column":10}},"loc":{"start":{"line":9,"column":59},"end":{"line":38,"column":5}}},"1":{"name":"(anonymous_2)","decl":{"start":{"line":20,"column":60},"end":{"line":20,"column":61}},"loc":{"start":{"line":20,"column":71},"end":{"line":36,"column":9}}},"2":{"name":"(anonymous_3)","decl":{"start":{"line":36,"column":17},"end":{"line":36,"column":18}},"loc":{"start":{"line":36,"column":24},"end":{"line":36,"column":36}}}},"branchMap":{"0":{"loc":{"start":{"line":10,"column":8},"end":{"line":13,"column":null}},"type":"if","locations":[{"start":{"line":10,"column":8},"end":{"line":13,"column":null}},{"start":{"line":10,"column":8},"end":{"line":13,"column":null}}]},"1":{"loc":{"start":{"line":15,"column":52},"end":{"line":15,"column":54}},"type":"cond-expr","locations":[{"start":{"line":15,"column":52},"end":{"line":15,"column":54}},{"start":{"line":15,"column":52},"end":{"line":15,"column":64}}]},"2":{"loc":{"start":{"line":15,"column":33},"end":{"line":15,"column":54}},"type":"binary-expr","locations":[{"start":{"line":15,"column":33},"end":{"line":15,"column":54}},{"start":{"line":15,"column":52},"end":{"line":15,"column":54}}]},"3":{"loc":{"start":{"line":23,"column":16},"end":{"line":27,"column":null}},"type":"if","locations":[{"start":{"line":23,"column":16},"end":{"line":27,"column":null}},{"start":{"line":23,"column":16},"end":{"line":27,"column":null}}]},"4":{"loc":{"start":{"line":23,"column":19},"end":{"line":23,"column":36}},"type":"binary-expr","locations":[{"start":{"line":23,"column":19},"end":{"line":23,"column":36}},{"start":{"line":23,"column":40},"end":{"line":23,"column":50}}]},"5":{"loc":{"start":{"line":29,"column":12},"end":{"line":34,"column":null}},"type":"if","locations":[{"start":{"line":29,"column":12},"end":{"line":34,"column":null}},{"start":{"line":29,"column":12},"end":{"line":34,"column":null}}]}},"s":{"0":1,"1":1,"2":1,"3":1,"4":1,"5":1,"6":0,"7":0,"8":1,"9":1,"10":1,"11":1,"12":0,"13":0,"14":0,"15":0,"16":0,"17":0,"18":0,"19":0,"20":0,"21":0,"22":0,"23":1,"24":1,"25":1},"f":{"0":1,"1":0,"2":0},"b":{"0":[0,1],"1":[0,1],"2":[1,1],"3":[0,0],"4":[0,0],"5":[0,0]}}
,"/home/hagai/Documents/web_api/src/express/information/proxy.ts": {"path":"/home/hagai/Documents/web_api/src/express/information/proxy.ts","statementMap":{"0":{"start":{"line":1,"column":0},"end":{"line":1,"column":26}},"1":{"start":{"line":3,"column":0},"end":{"line":3,"column":40}},"2":{"start":{"line":4,"column":0},"end":{"line":4,"column":57}},"3":{"start":{"line":5,"column":0},"end":{"line":5,"column":47}},"4":{"start":{"line":9,"column":20},"end":{"line":9,"column":22}},"5":{"start":{"line":11,"column":8},"end":{"line":20,"column":null}},"6":{"start":{"line":12,"column":26},"end":{"line":15,"column":14}},"7":{"start":{"line":14,"column":16},"end":{"line":14,"column":66}},"8":{"start":{"line":16,"column":12},"end":{"line":18,"column":null}},"9":{"start":{"line":17,"column":16},"end":{"line":17,"column":null}},"10":{"start":{"line":19,"column":12},"end":{"line":19,"column":null}},"11":{"start":{"line":22,"column":29},"end":{"line":24,"column":10}},"12":{"start":{"line":23,"column":12},"end":{"line":23,"column":68}},"13":{"start":{"line":25,"column":8},"end":{"line":27,"column":null}},"14":{"start":{"line":26,"column":12},"end":{"line":26,"column":22}},"15":{"start":{"line":28,"column":8},"end":{"line":28,"column":28}},"16":{"start":{"line":7,"column":0},"end":{"line":7,"column":13}},"17":{"start":{"line":32,"column":0},"end":{"line":32,"column":32}}},"fnMap":{"0":{"name":"(anonymous_1)","decl":{"start":{"line":8,"column":4},"end":{"line":8,"column":10}},"loc":{"start":{"line":8,"column":75},"end":{"line":29,"column":5}}},"1":{"name":"(anonymous_2)","decl":{"start":{"line":12,"column":64},"end":{"line":12,"column":65}},"loc":{"start":{"line":12,"column":69},"end":{"line":15,"column":13}}},"2":{"name":"(anonymous_3)","decl":{"start":{"line":22,"column":121},"end":{"line":22,"column":122}},"loc":{"start":{"line":22,"column":127},"end":{"line":24,"column":9}}}},"branchMap":{"0":{"loc":{"start":{"line":11,"column":8},"end":{"line":20,"column":null}},"type":"if","locations":[{"start":{"line":11,"column":8},"end":{"line":20,"column":null}},{"start":{"line":11,"column":8},"end":{"line":20,"column":null}}]},"1":{"loc":{"start":{"line":16,"column":12},"end":{"line":18,"column":null}},"type":"if","locations":[{"start":{"line":16,"column":12},"end":{"line":18,"column":null}},{"start":{"line":16,"column":12},"end":{"line":18,"column":null}}]},"2":{"loc":{"start":{"line":25,"column":8},"end":{"line":27,"column":null}},"type":"if","locations":[{"start":{"line":25,"column":8},"end":{"line":27,"column":null}},{"start":{"line":25,"column":8},"end":{"line":27,"column":null}}]},"3":{"loc":{"start":{"line":25,"column":11},"end":{"line":25,"column":32}},"type":"binary-expr","locations":[{"start":{"line":25,"column":11},"end":{"line":25,"column":32}},{"start":{"line":25,"column":36},"end":{"line":25,"column":62}}]}},"s":{"0":1,"1":1,"2":1,"3":1,"4":1,"5":1,"6":1,"7":0,"8":0,"9":0,"10":0,"11":0,"12":0,"13":0,"14":0,"15":0,"16":1,"17":1},"f":{"0":1,"1":0,"2":0},"b":{"0":[1,0],"1":[0,0],"2":[0,0],"3":[0,0]}}
,"/home/hagai/Documents/web_api/src/express/information/router.ts": {"path":"/home/hagai/Documents/web_api/src/express/information/router.ts","statementMap":{"0":{"start":{"line":1,"column":0},"end":{"line":1,"column":33}},"1":{"start":{"line":2,"column":0},"end":{"line":2,"column":49}},"2":{"start":{"line":3,"column":0},"end":{"line":3,"column":47}},"3":{"start":{"line":4,"column":0},"end":{"line":4,"column":68}},"4":{"start":{"line":5,"column":0},"end":{"line":5,"column":46}},"5":{"start":{"line":6,"column":0},"end":{"line":6,"column":66}},"6":{"start":{"line":7,"column":0},"end":{"line":7,"column":29}},"7":{"start":{"line":9,"column":34},"end":{"line":9,"column":42}},"8":{"start":{"line":11,"column":0},"end":{"line":11,"column":203}},"9":{"start":{"line":13,"column":0},"end":{"line":13,"column":33}}},"fnMap":{},"branchMap":{},"s":{"0":1,"1":1,"2":1,"3":1,"4":1,"5":1,"6":1,"7":1,"8":1,"9":1},"f":{},"b":{}}
,"/home/hagai/Documents/web_api/src/express/information/validator.schema.ts": {"path":"/home/hagai/Documents/web_api/src/express/information/validator.schema.ts","statementMap":{"0":{"start":{"line":1,"column":0},"end":{"line":1,"column":27}},"1":{"start":{"line":5,"column":13},"end":{"line":9,"column":3}}},"fnMap":{},"branchMap":{},"s":{"0":1,"1":1},"f":{},"b":{}}
,"/home/hagai/Documents/web_api/src/express/information/validator.ts": {"path":"/home/hagai/Documents/web_api/src/express/information/validator.ts","statementMap":{"0":{"start":{"line":4,"column":0},"end":{"line":4,"column":39}},"1":{"start":{"line":5,"column":0},"end":{"line":5,"column":58}},"2":{"start":{"line":9,"column":23},"end":{"line":9,"column":43}},"3":{"start":{"line":10,"column":8},"end":{"line":12,"column":null}},"4":{"start":{"line":11,"column":12},"end":{"line":11,"column":null}},"5":{"start":{"line":7,"column":0},"end":{"line":7,"column":13}},"6":{"start":{"line":17,"column":0},"end":{"line":17,"column":36}}},"fnMap":{"0":{"name":"(anonymous_1)","decl":{"start":{"line":8,"column":4},"end":{"line":8,"column":10}},"loc":{"start":{"line":8,"column":50},"end":{"line":13,"column":5}}}},"branchMap":{"0":{"loc":{"start":{"line":10,"column":8},"end":{"line":12,"column":null}},"type":"if","locations":[{"start":{"line":10,"column":8},"end":{"line":12,"column":null}},{"start":{"line":10,"column":8},"end":{"line":12,"column":null}}]}},"s":{"0":1,"1":1,"2":2,"3":2,"4":1,"5":1,"6":1},"f":{"0":2},"b":{"0":[1,1]}}
,"/home/hagai/Documents/web_api/src/helpers/errorHandler.ts": {"path":"/home/hagai/Documents/web_api/src/helpers/errorHandler.ts","statementMap":{"0":{"start":{"line":5,"column":8},"end":{"line":5,"column":16}},"1":{"start":{"line":7,"column":8},"end":{"line":7,"column":32}},"2":{"start":{"line":8,"column":8},"end":{"line":8,"column":49}},"3":{"start":{"line":1,"column":0},"end":{"line":1,"column":13}},"4":{"start":{"line":16,"column":8},"end":{"line":16,"column":16}},"5":{"start":{"line":18,"column":8},"end":{"line":18,"column":32}},"6":{"start":{"line":19,"column":8},"end":{"line":19,"column":53}},"7":{"start":{"line":12,"column":0},"end":{"line":12,"column":13}},"8":{"start":{"line":27,"column":8},"end":{"line":27,"column":16}},"9":{"start":{"line":28,"column":8},"end":{"line":28,"column":32}},"10":{"start":{"line":29,"column":8},"end":{"line":29,"column":47}},"11":{"start":{"line":23,"column":0},"end":{"line":23,"column":13}},"12":{"start":{"line":34,"column":31},"end":{"line":40,"column":1}},"13":{"start":{"line":35,"column":30},"end":{"line":35,"column":33}},"14":{"start":{"line":37,"column":4},"end":{"line":39,"column":7}},"15":{"start":{"line":34,"column":13},"end":{"line":34,"column":31}},"16":{"start":{"line":42,"column":0},"end":{"line":42,"column":48}}},"fnMap":{"0":{"name":"(anonymous_0)","decl":{"start":{"line":4,"column":4},"end":{"line":4,"column":16}},"loc":{"start":{"line":4,"column":29},"end":{"line":9,"column":5}}},"1":{"name":"(anonymous_1)","decl":{"start":{"line":15,"column":4},"end":{"line":15,"column":16}},"loc":{"start":{"line":15,"column":29},"end":{"line":20,"column":5}}},"2":{"name":"(anonymous_2)","decl":{"start":{"line":26,"column":4},"end":{"line":26,"column":16}},"loc":{"start":{"line":26,"column":29},"end":{"line":31,"column":5}}},"3":{"name":"(anonymous_3)","decl":{"start":{"line":34,"column":31},"end":{"line":34,"column":32}},"loc":{"start":{"line":34,"column":44},"end":{"line":40,"column":1}}}},"branchMap":{"0":{"loc":{"start":{"line":7,"column":20},"end":{"line":7,"column":24}},"type":"binary-expr","locations":[{"start":{"line":7,"column":20},"end":{"line":7,"column":24}},{"start":{"line":7,"column":28},"end":{"line":7,"column":31}}]},"1":{"loc":{"start":{"line":8,"column":23},"end":{"line":8,"column":30}},"type":"binary-expr","locations":[{"start":{"line":8,"column":23},"end":{"line":8,"column":30}},{"start":{"line":8,"column":34},"end":{"line":8,"column":48}}]},"2":{"loc":{"start":{"line":18,"column":20},"end":{"line":18,"column":24}},"type":"binary-expr","locations":[{"start":{"line":18,"column":20},"end":{"line":18,"column":24}},{"start":{"line":18,"column":28},"end":{"line":18,"column":31}}]},"3":{"loc":{"start":{"line":19,"column":23},"end":{"line":19,"column":30}},"type":"binary-expr","locations":[{"start":{"line":19,"column":23},"end":{"line":19,"column":30}},{"start":{"line":19,"column":34},"end":{"line":19,"column":52}}]},"4":{"loc":{"start":{"line":28,"column":20},"end":{"line":28,"column":24}},"type":"binary-expr","locations":[{"start":{"line":28,"column":20},"end":{"line":28,"column":24}},{"start":{"line":28,"column":28},"end":{"line":28,"column":31}}]},"5":{"loc":{"start":{"line":29,"column":23},"end":{"line":29,"column":30}},"type":"binary-expr","locations":[{"start":{"line":29,"column":23},"end":{"line":29,"column":30}},{"start":{"line":29,"column":34},"end":{"line":29,"column":46}}]},"6":{"loc":{"start":{"line":37,"column":15},"end":{"line":37,"column":19}},"type":"binary-expr","locations":[{"start":{"line":37,"column":15},"end":{"line":37,"column":19}},{"start":{"line":37,"column":23},"end":{"line":37,"column":26}}]}},"s":{"0":0,"1":0,"2":0,"3":1,"4":1,"5":1,"6":1,"7":1,"8":0,"9":0,"10":0,"11":1,"12":1,"13":0,"14":0,"15":1,"16":1},"f":{"0":0,"1":1,"2":0,"3":0},"b":{"0":[0,0],"1":[0,0],"2":[1,0],"3":[1,0],"4":[0,0],"5":[0,0],"6":[0,0]}}
,"/home/hagai/Documents/web_api/src/rabbit/rabbit.ts": {"path":"/home/hagai/Documents/web_api/src/rabbit/rabbit.ts","statementMap":{"0":{"start":{"line":1,"column":0},"end":{"line":1,"column":30}},"1":{"start":{"line":2,"column":0},"end":{"line":2,"column":37}},"2":{"start":{"line":4,"column":29},"end":{"line":13,"column":1}},"3":{"start":{"line":5,"column":4},"end":{"line":7,"column":null}},"4":{"start":{"line":6,"column":8},"end":{"line":6,"column":15}},"5":{"start":{"line":8,"column":4},"end":{"line":8,"column":43}},"6":{"start":{"line":9,"column":4},"end":{"line":9,"column":72}},"7":{"start":{"line":10,"column":4},"end":{"line":10,"column":36}},"8":{"start":{"line":11,"column":4},"end":{"line":11,"column":62}},"9":{"start":{"line":4,"column":13},"end":{"line":4,"column":29}},"10":{"start":{"line":14,"column":33},"end":{"line":16,"column":1}},"11":{"start":{"line":15,"column":4},"end":{"line":15,"column":113}},"12":{"start":{"line":14,"column":13},"end":{"line":14,"column":33}},"13":{"start":{"line":18,"column":0},"end":{"line":18,"column":52}}},"fnMap":{"0":{"name":"(anonymous_1)","decl":{"start":{"line":4,"column":29},"end":{"line":4,"column":34}},"loc":{"start":{"line":4,"column":40},"end":{"line":13,"column":1}}},"1":{"name":"(anonymous_2)","decl":{"start":{"line":14,"column":33},"end":{"line":14,"column":38}},"loc":{"start":{"line":14,"column":83},"end":{"line":16,"column":1}}}},"branchMap":{"0":{"loc":{"start":{"line":5,"column":4},"end":{"line":7,"column":null}},"type":"if","locations":[{"start":{"line":5,"column":4},"end":{"line":7,"column":null}},{"start":{"line":5,"column":4},"end":{"line":7,"column":null}}]}},"s":{"0":1,"1":1,"2":1,"3":1,"4":1,"5":0,"6":0,"7":0,"8":0,"9":1,"10":1,"11":0,"12":1,"13":1},"f":{"0":1,"1":0},"b":{"0":[1,0]}}
,"/home/hagai/Documents/web_api/src/spike/spike.ts": {"path":"/home/hagai/Documents/web_api/src/spike/spike.ts","statementMap":{"0":{"start":{"line":1,"column":0},"end":{"line":1,"column":47}},"1":{"start":{"line":2,"column":0},"end":{"line":2,"column":43}},"2":{"start":{"line":3,"column":0},"end":{"line":3,"column":37}},"3":{"start":{"line":4,"column":0},"end":{"line":4,"column":50}},"4":{"start":{"line":12,"column":32},"end":{"line":14,"column":1}},"5":{"start":{"line":13,"column":4},"end":{"line":13,"column":31}},"6":{"start":{"line":12,"column":13},"end":{"line":12,"column":32}},"7":{"start":{"line":15,"column":33},"end":{"line":17,"column":1}},"8":{"start":{"line":16,"column":4},"end":{"line":16,"column":32}},"9":{"start":{"line":15,"column":13},"end":{"line":15,"column":33}},"10":{"start":{"line":18,"column":33},"end":{"line":20,"column":1}},"11":{"start":{"line":19,"column":4},"end":{"line":19,"column":32}},"12":{"start":{"line":18,"column":13},"end":{"line":18,"column":33}},"13":{"start":{"line":22,"column":39},"end":{"line":24,"column":1}},"14":{"start":{"line":23,"column":4},"end":{"line":23,"column":38}},"15":{"start":{"line":22,"column":13},"end":{"line":22,"column":39}},"16":{"start":{"line":25,"column":32},"end":{"line":27,"column":1}},"17":{"start":{"line":26,"column":4},"end":{"line":26,"column":31}},"18":{"start":{"line":25,"column":13},"end":{"line":25,"column":32}},"19":{"start":{"line":28,"column":32},"end":{"line":30,"column":1}},"20":{"start":{"line":29,"column":4},"end":{"line":29,"column":32}},"21":{"start":{"line":28,"column":13},"end":{"line":28,"column":32}},"22":{"start":{"line":32,"column":35},"end":{"line":47,"column":1}},"23":{"start":{"line":34,"column":4},"end":{"line":34,"column":129}},"24":{"start":{"line":36,"column":4},"end":{"line":36,"column":131}},"25":{"start":{"line":38,"column":4},"end":{"line":38,"column":131}},"26":{"start":{"line":40,"column":4},"end":{"line":40,"column":150}},"27":{"start":{"line":42,"column":4},"end":{"line":42,"column":128}},"28":{"start":{"line":44,"column":4},"end":{"line":44,"column":131}},"29":{"start":{"line":32,"column":13},"end":{"line":32,"column":35}},"30":{"start":{"line":48,"column":29},"end":{"line":66,"column":1}},"31":{"start":{"line":49,"column":4},"end":{"line":65,"column":null}},"32":{"start":{"line":51,"column":12},"end":{"line":51,"column":44}},"33":{"start":{"line":53,"column":12},"end":{"line":53,"column":45}},"34":{"start":{"line":55,"column":12},"end":{"line":55,"column":45}},"35":{"start":{"line":57,"column":12},"end":{"line":57,"column":51}},"36":{"start":{"line":59,"column":12},"end":{"line":59,"column":44}},"37":{"start":{"line":61,"column":12},"end":{"line":61,"column":45}},"38":{"start":{"line":64,"column":12},"end":{"line":64,"column":24}},"39":{"start":{"line":48,"column":13},"end":{"line":48,"column":29}},"40":{"start":{"line":70,"column":0},"end":{"line":70,"column":null}}},"fnMap":{"0":{"name":"(anonymous_1)","decl":{"start":{"line":12,"column":32},"end":{"line":12,"column":37}},"loc":{"start":{"line":12,"column":43},"end":{"line":14,"column":1}}},"1":{"name":"(anonymous_2)","decl":{"start":{"line":15,"column":33},"end":{"line":15,"column":38}},"loc":{"start":{"line":15,"column":44},"end":{"line":17,"column":1}}},"2":{"name":"(anonymous_3)","decl":{"start":{"line":18,"column":33},"end":{"line":18,"column":38}},"loc":{"start":{"line":18,"column":44},"end":{"line":20,"column":1}}},"3":{"name":"(anonymous_4)","decl":{"start":{"line":22,"column":39},"end":{"line":22,"column":44}},"loc":{"start":{"line":22,"column":50},"end":{"line":24,"column":1}}},"4":{"name":"(anonymous_5)","decl":{"start":{"line":25,"column":32},"end":{"line":25,"column":37}},"loc":{"start":{"line":25,"column":43},"end":{"line":27,"column":1}}},"5":{"name":"(anonymous_6)","decl":{"start":{"line":28,"column":32},"end":{"line":28,"column":37}},"loc":{"start":{"line":28,"column":43},"end":{"line":30,"column":1}}},"6":{"name":"(anonymous_7)","decl":{"start":{"line":32,"column":35},"end":{"line":32,"column":38}},"loc":{"start":{"line":32,"column":40},"end":{"line":47,"column":1}}},"7":{"name":"(anonymous_8)","decl":{"start":{"line":48,"column":29},"end":{"line":48,"column":34}},"loc":{"start":{"line":48,"column":60},"end":{"line":66,"column":1}}}},"branchMap":{"0":{"loc":{"start":{"line":50,"column":8},"end":{"line":51,"column":44}},"type":"switch","locations":[{"start":{"line":50,"column":8},"end":{"line":51,"column":44}},{"start":{"line":52,"column":8},"end":{"line":53,"column":45}},{"start":{"line":54,"column":8},"end":{"line":55,"column":45}},{"start":{"line":56,"column":8},"end":{"line":57,"column":51}},{"start":{"line":58,"column":8},"end":{"line":59,"column":44}},{"start":{"line":60,"column":8},"end":{"line":61,"column":45}},{"start":{"line":63,"column":8},"end":{"line":64,"column":24}}]}},"s":{"0":1,"1":1,"2":1,"3":1,"4":1,"5":1,"6":1,"7":1,"8":0,"9":1,"10":1,"11":0,"12":1,"13":1,"14":0,"15":1,"16":1,"17":0,"18":1,"19":1,"20":0,"21":1,"22":1,"23":1,"24":1,"25":1,"26":1,"27":1,"28":1,"29":1,"30":1,"31":1,"32":1,"33":0,"34":0,"35":0,"36":0,"37":0,"38":0,"39":1,"40":1},"f":{"0":1,"1":0,"2":0,"3":0,"4":0,"5":0,"6":1,"7":1},"b":{"0":[1,0,0,0,0,0,0]}}
,"/home/hagai/Documents/web_api/src/utils/createParamsPromises.ts": {"path":"/home/hagai/Documents/web_api/src/utils/createParamsPromises.ts","statementMap":{"0":{"start":{"line":2,"column":0},"end":{"line":2,"column":53}},"1":{"start":{"line":3,"column":0},"end":{"line":3,"column":64}},"2":{"start":{"line":6,"column":42},"end":{"line":6,"column":44}},"3":{"start":{"line":9,"column":28},"end":{"line":9,"column":86}},"4":{"start":{"line":9,"column":59},"end":{"line":9,"column":85}},"5":{"start":{"line":10,"column":4},"end":{"line":19,"column":null}},"6":{"start":{"line":11,"column":8},"end":{"line":15,"column":12}},"7":{"start":{"line":12,"column":23},"end":{"line":12,"column":103}},"8":{"start":{"line":12,"column":91},"end":{"line":12,"column":102}},"9":{"start":{"line":14,"column":12},"end":{"line":14,"column":26}},"10":{"start":{"line":17,"column":8},"end":{"line":17,"column":32}},"11":{"start":{"line":20,"column":4},"end":{"line":30,"column":null}},"12":{"start":{"line":22,"column":8},"end":{"line":29,"column":null}},"13":{"start":{"line":23,"column":12},"end":{"line":26,"column":16}},"14":{"start":{"line":24,"column":27},"end":{"line":24,"column":119}},"15":{"start":{"line":24,"column":107},"end":{"line":24,"column":118}},"16":{"start":{"line":25,"column":16},"end":{"line":25,"column":30}},"17":{"start":{"line":32,"column":4},"end":{"line":32,"column":28}},"18":{"start":{"line":5,"column":0},"end":{"line":5,"column":24}}},"fnMap":{"0":{"name":"createParamsPromises","decl":{"start":{"line":5,"column":24},"end":{"line":5,"column":44}},"loc":{"start":{"line":5,"column":75},"end":{"line":34,"column":1}}},"1":{"name":"(anonymous_1)","decl":{"start":{"line":9,"column":55},"end":{"line":9,"column":56}},"loc":{"start":{"line":9,"column":59},"end":{"line":9,"column":85}}},"2":{"name":"(anonymous_2)","decl":{"start":{"line":11,"column":43},"end":{"line":11,"column":48}},"loc":{"start":{"line":11,"column":61},"end":{"line":15,"column":9}}},"3":{"name":"(anonymous_3)","decl":{"start":{"line":12,"column":85},"end":{"line":12,"column":86}},"loc":{"start":{"line":12,"column":91},"end":{"line":12,"column":102}}},"4":{"name":"(anonymous_4)","decl":{"start":{"line":20,"column":34},"end":{"line":20,"column":43}},"loc":{"start":{"line":20,"column":46},"end":{"line":30,"column":6}}},"5":{"name":"(anonymous_5)","decl":{"start":{"line":23,"column":46},"end":{"line":23,"column":51}},"loc":{"start":{"line":23,"column":64},"end":{"line":26,"column":13}}},"6":{"name":"(anonymous_6)","decl":{"start":{"line":24,"column":101},"end":{"line":24,"column":102}},"loc":{"start":{"line":24,"column":107},"end":{"line":24,"column":118}}}},"branchMap":{"0":{"loc":{"start":{"line":10,"column":4},"end":{"line":19,"column":null}},"type":"if","locations":[{"start":{"line":10,"column":4},"end":{"line":19,"column":null}},{"start":{"line":10,"column":4},"end":{"line":19,"column":null}}]},"1":{"loc":{"start":{"line":22,"column":8},"end":{"line":29,"column":null}},"type":"if","locations":[{"start":{"line":22,"column":8},"end":{"line":29,"column":null}},{"start":{"line":22,"column":8},"end":{"line":29,"column":null}}]}},"s":{"0":1,"1":1,"2":1,"3":1,"4":2,"5":1,"6":1,"7":1,"8":0,"9":0,"10":1,"11":0,"12":0,"13":0,"14":0,"15":0,"16":0,"17":0,"18":1},"f":{"0":1,"1":2,"2":1,"3":0,"4":0,"5":0,"6":0},"b":{"0":[1,0],"1":[0,0]}}
,"/home/hagai/Documents/web_api/src/utils/joi.ts": {"path":"/home/hagai/Documents/web_api/src/utils/joi.ts","statementMap":{"0":{"start":{"line":3,"column":0},"end":{"line":3,"column":42}},"1":{"start":{"line":5,"column":56},"end":{"line":9,"column":2}},"2":{"start":{"line":11,"column":25},"end":{"line":20,"column":1}},"3":{"start":{"line":12,"column":4},"end":{"line":12,"column":32}},"4":{"start":{"line":13,"column":4},"end":{"line":13,"column":26}},"5":{"start":{"line":15,"column":4},"end":{"line":15,"column":34}},"6":{"start":{"line":16,"column":4},"end":{"line":16,"column":28}},"7":{"start":{"line":18,"column":4},"end":{"line":18,"column":36}},"8":{"start":{"line":19,"column":4},"end":{"line":19,"column":30}},"9":{"start":{"line":22,"column":24},"end":{"line":35,"column":1}},"10":{"start":{"line":23,"column":22},"end":{"line":32,"column":5}},"11":{"start":{"line":24,"column":33},"end":{"line":24,"column":72}},"12":{"start":{"line":25,"column":8},"end":{"line":27,"column":null}},"13":{"start":{"line":26,"column":12},"end":{"line":26,"column":24}},"14":{"start":{"line":29,"column":8},"end":{"line":31,"column":null}},"15":{"start":{"line":30,"column":12},"end":{"line":30,"column":41}},"16":{"start":{"line":34,"column":4},"end":{"line":34,"column":36}},"17":{"start":{"line":37,"column":0},"end":{"line":37,"column":31}}},"fnMap":{"0":{"name":"(anonymous_0)","decl":{"start":{"line":11,"column":25},"end":{"line":11,"column":26}},"loc":{"start":{"line":11,"column":50},"end":{"line":20,"column":1}}},"1":{"name":"(anonymous_1)","decl":{"start":{"line":22,"column":24},"end":{"line":22,"column":25}},"loc":{"start":{"line":22,"column":117},"end":{"line":35,"column":1}}},"2":{"name":"(anonymous_2)","decl":{"start":{"line":23,"column":22},"end":{"line":23,"column":27}},"loc":{"start":{"line":23,"column":45},"end":{"line":32,"column":5}}}},"branchMap":{"0":{"loc":{"start":{"line":22,"column":89},"end":{"line":22,"column":113}},"type":"default-arg","locations":[{"start":{"line":22,"column":89},"end":{"line":22,"column":113}}]},"1":{"loc":{"start":{"line":25,"column":8},"end":{"line":27,"column":null}},"type":"if","locations":[{"start":{"line":25,"column":8},"end":{"line":27,"column":null}},{"start":{"line":25,"column":8},"end":{"line":27,"column":null}}]},"2":{"loc":{"start":{"line":29,"column":8},"end":{"line":31,"column":null}},"type":"if","locations":[{"start":{"line":29,"column":8},"end":{"line":31,"column":null}},{"start":{"line":29,"column":8},"end":{"line":31,"column":null}}]}},"s":{"0":1,"1":1,"2":1,"3":2,"4":2,"5":2,"6":2,"7":2,"8":2,"9":1,"10":1,"11":4,"12":4,"13":2,"14":2,"15":2,"16":1,"17":1},"f":{"0":2,"1":1,"2":4},"b":{"0":[1],"1":[2,2],"2":[2,0]}}
,"/home/hagai/Documents/web_api/src/utils/promiseAllWithFails.ts": {"path":"/home/hagai/Documents/web_api/src/utils/promiseAllWithFails.ts","statementMap":{"0":{"start":{"line":3,"column":4},"end":{"line":8,"column":6}},"1":{"start":{"line":5,"column":8},"end":{"line":6,"column":38}},"2":{"start":{"line":6,"column":11},"end":{"line":6,"column":36}},"3":{"start":{"line":2,"column":0},"end":{"line":2,"column":15}}},"fnMap":{"0":{"name":"promiseAllWithFails","decl":{"start":{"line":2,"column":30},"end":{"line":2,"column":49}},"loc":{"start":{"line":2,"column":72},"end":{"line":9,"column":3}}},"1":{"name":"(anonymous_1)","decl":{"start":{"line":4,"column":23},"end":{"line":4,"column":30}},"loc":{"start":{"line":5,"column":8},"end":{"line":6,"column":38}}},"2":{"name":"(anonymous_2)","decl":{"start":{"line":5,"column":22},"end":{"line":5,"column":25}},"loc":{"start":{"line":6,"column":11},"end":{"line":6,"column":36}}}},"branchMap":{"0":{"loc":{"start":{"line":6,"column":22},"end":{"line":6,"column":30}},"type":"cond-expr","locations":[{"start":{"line":6,"column":22},"end":{"line":6,"column":30}},{"start":{"line":6,"column":33},"end":{"line":6,"column":36}}]}},"s":{"0":1,"1":1,"2":0,"3":1},"f":{"0":1,"1":1,"2":0},"b":{"0":[0,0]}}
,"/home/hagai/Documents/web_api/src/utils/express/index.ts": {"path":"/home/hagai/Documents/web_api/src/utils/express/index.ts","statementMap":{"0":{"start":{"line":3,"column":30},"end":{"line":9,"column":1}},"1":{"start":{"line":4,"column":4},"end":{"line":8,"column":6}},"2":{"start":{"line":5,"column":8},"end":{"line":7,"column":25}},"3":{"start":{"line":6,"column":24},"end":{"line":6,"column":30}},"4":{"start":{"line":3,"column":13},"end":{"line":3,"column":30}},"5":{"start":{"line":11,"column":13},"end":{"line":11,"column":44}},"6":{"start":{"line":13,"column":30},"end":{"line":17,"column":1}},"7":{"start":{"line":14,"column":4},"end":{"line":16,"column":6}},"8":{"start":{"line":15,"column":8},"end":{"line":15,"column":41}},"9":{"start":{"line":13,"column":13},"end":{"line":13,"column":30}}},"fnMap":{"0":{"name":"(anonymous_0)","decl":{"start":{"line":3,"column":30},"end":{"line":3,"column":31}},"loc":{"start":{"line":3,"column":88},"end":{"line":9,"column":1}}},"1":{"name":"(anonymous_1)","decl":{"start":{"line":4,"column":11},"end":{"line":4,"column":12}},"loc":{"start":{"line":4,"column":63},"end":{"line":8,"column":5}}},"2":{"name":"(anonymous_2)","decl":{"start":{"line":6,"column":18},"end":{"line":6,"column":21}},"loc":{"start":{"line":6,"column":24},"end":{"line":6,"column":30}}},"3":{"name":"(anonymous_3)","decl":{"start":{"line":13,"column":30},"end":{"line":13,"column":31}},"loc":{"start":{"line":13,"column":108},"end":{"line":17,"column":1}}},"4":{"name":"(anonymous_4)","decl":{"start":{"line":14,"column":11},"end":{"line":14,"column":12}},"loc":{"start":{"line":14,"column":63},"end":{"line":16,"column":5}}}},"branchMap":{},"s":{"0":1,"1":2,"2":6,"3":3,"4":1,"5":1,"6":1,"7":1,"8":1,"9":1},"f":{"0":2,"1":6,"2":3,"3":1,"4":1},"b":{}}
}
